<?xml version="1.0" encoding="UTF-8"?>
<testng-results skipped="0" failed="0" total="1" passed="1">
  <reporter-output>
  </reporter-output>
  <suite name="Default suite" duration-ms="428" started-at="2020-01-26T09:14:01Z" finished-at="2020-01-26T09:14:01Z">
    <groups>
      <group name="cucumber">
        <method signature="TestRunner.feature(cucumber.api.testng.CucumberFeatureWrapper)[pri:0, instance:com.cucunber.testRunner.TestRunner@7a79be86]" name="feature" class="com.cucunber.testRunner.TestRunner"/>
      </group> <!-- cucumber -->
    </groups>
    <test name="Default test" duration-ms="428" started-at="2020-01-26T09:14:01Z" finished-at="2020-01-26T09:14:01Z">
      <class name="com.cucunber.testRunner.TestRunner">
        <test-method status="PASS" signature="setUpClass()[pri:0, instance:com.cucunber.testRunner.TestRunner@7a79be86]" name="setUpClass" is-config="true" duration-ms="217" started-at="2020-01-26T14:44:01Z" finished-at="2020-01-26T14:44:01Z">
          <reporter-output>
          </reporter-output>
        </test-method> <!-- setUpClass -->
        <test-method status="PASS" signature="feature(cucumber.api.testng.CucumberFeatureWrapper)[pri:0, instance:com.cucunber.testRunner.TestRunner@7a79be86]" name="feature" duration-ms="67" started-at="2020-01-26T14:44:01Z" description="Runs cucmber Features" data-provider="features" finished-at="2020-01-26T14:44:01Z">
          <params>
            <param index="0">
              <value>
                <![CDATA[Register Operation]]>
              </value>
            </param>
          </params>
          <reporter-output>
          </reporter-output>
        </test-method> <!-- feature -->
        <test-method status="PASS" signature="testDownClass()[pri:0, instance:com.cucunber.testRunner.TestRunner@7a79be86]" name="testDownClass" is-config="true" duration-ms="27" started-at="2020-01-26T14:44:01Z" finished-at="2020-01-26T14:44:01Z">
          <reporter-output>
          </reporter-output>
        </test-method> <!-- testDownClass -->
      </class> <!-- com.cucunber.testRunner.TestRunner -->
    </test> <!-- Default test -->
  </suite> <!-- Default suite -->
</testng-results>
